<?xml version="1.0" encoding="UTF-8"?>
<!-- Generated by org.testng.reporters.JUnitXMLReporter -->
<testsuite ignored="0" hostname="che" failures="1" tests="2" name="AdminSettings" time="46.021" errors="0" timestamp="2024-09-01T23:09:15 IST">
  <testcase classname="testCases.TC02_AddTeamMember" name="addTeamMember" time="12.594"/>
  <testcase classname="testCases.TC03_verifyNameOnAddingOfDuplicateEmail" name="test2" time="14.815">
    <failure type="java.lang.AssertionError" message="null">
      <![CDATA[java.lang.AssertionError: null
at testCases.TC03_verifyNameOnAddingOfDuplicateEmail.test2(TC03_verifyNameOnAddingOfDuplicateEmail.java:45)
at java.base/java.util.ArrayList.forEach(ArrayList.java:1511)
... Removed 29 stack frames]]>
    </failure>
  </testcase> <!-- test2 -->
</testsuite> <!-- AdminSettings -->
